生成启动时间为 2015/3/4 10:45:26。
     1>项目“D:\baofeng\VS2008 Project\Temperature\Temperature\Temperature.vcxproj”在节点 2 上(build 个目标)。
     1>InitializeBuildStatus:
         正在创建“Debug\Temperature.unsuccessfulbuild”，因为已指定“AlwaysCreate”。
       ClCompile:
         正在删除文件“Debug\Temperature.pch”。
         d:\Program Files\Microsoft Visual Studio 10.0\VC\bin\CL.exe /c /ZI /nologo /W3 /WX- /Od /Oy- /D WIN32 /D _WINDOWS /D _DEBUG /D _UNICODE /D UNICODE /D _AFXDLL /Gm /EHsc /RTC1 /MDd /GS /fp:precise /Zc:wchar_t /Zc:forScope /Yc"StdAfx.h" /Fp"Debug\Temperature.pch" /Fo"Debug\\" /Fd"Debug\vc100.pdb" /Gd /TP /analyze- /errorReport:prompt stdafx.cpp
         stdafx.cpp
         d:\Program Files\Microsoft Visual Studio 10.0\VC\bin\CL.exe /c /ZI /nologo /W3 /WX- /Od /Oy- /D WIN32 /D _WINDOWS /D _DEBUG /D _UNICODE /D UNICODE /D _AFXDLL /Gm /EHsc /RTC1 /MDd /GS /fp:precise /Zc:wchar_t /Zc:forScope /Yu"StdAfx.h" /Fp"Debug\Temperature.pch" /Fo"Debug\\" /Fd"Debug\vc100.pdb" /Gd /TP /analyze- /errorReport:prompt HistogramCtrl.cpp mscomm.cpp Serial.cpp Show.cpp Temperature.cpp TemperatureDlg.cpp
         TemperatureDlg.cpp
         Temperature.cpp
         Show.cpp
         Serial.cpp
         mscomm.cpp
         HistogramCtrl.cpp
         正在生成代码...
       ResourceCompile:
         C:\Program Files\Microsoft SDKs\Windows\v7.0A\bin\rc.exe /D _DEBUG /D _UNICODE /D UNICODE /D _AFXDLL /l"0x0804" /IDebug\ /nologo /fo"Debug\Temperature.res" Temperature.rc 
       ManifestResourceCompile:
         C:\Program Files\Microsoft SDKs\Windows\v7.0A\bin\rc.exe /nologo /fo"Debug\Temperature.exe.embed.manifest.res" Debug\Temperature_manifest.rc 
       Link:
         d:\Program Files\Microsoft Visual Studio 10.0\VC\bin\link.exe /ERRORREPORT:PROMPT /OUT:"D:\baofeng\VS2008 Project\Temperature\Debug\Temperature.exe" /INCREMENTAL /NOLOGO /MANIFEST /ManifestFile:"Debug\Temperature.exe.intermediate.manifest" /MANIFESTUAC:"level='asInvoker' uiAccess='false'" /DEBUG /PDB:"D:\baofeng\VS2008 Project\Temperature\Debug\Temperature.pdb" /SUBSYSTEM:WINDOWS /TLBID:1 /ENTRY:"wWinMainCRTStartup" /DYNAMICBASE /NXCOMPAT /IMPLIB:"D:\baofeng\VS2008 Project\Temperature\Debug\Temperature.lib" /MACHINE:X86 Debug\Temperature.res
         Debug\Temperature.exe.embed.manifest.res
         Debug\HistogramCtrl.obj
         Debug\mscomm.obj
         Debug\Serial.obj
         Debug\Show.obj
         Debug\stdafx.obj
         Debug\Temperature.obj
         Debug\TemperatureDlg.obj
       Manifest:
         C:\Program Files\Microsoft SDKs\Windows\v7.0A\bin\mt.exe /nologo /verbose /out:"Debug\Temperature.exe.embed.manifest" /manifest Debug\Temperature.exe.intermediate.manifest "d:\Program Files\Microsoft Visual Studio 10.0\VC\Include\Manifest\dpiaware.manifest"
         C:\Program Files\Microsoft SDKs\Windows\v7.0A\bin\rc.exe /nologo /fo"Debug\Temperature.exe.embed.manifest.res" Debug\Temperature_manifest.rc 
       LinkEmbedManifest:
         d:\Program Files\Microsoft Visual Studio 10.0\VC\bin\link.exe /ERRORREPORT:PROMPT /OUT:"D:\baofeng\VS2008 Project\Temperature\Debug\Temperature.exe" /INCREMENTAL /NOLOGO /MANIFEST /ManifestFile:"Debug\Temperature.exe.intermediate.manifest" /MANIFESTUAC:"level='asInvoker' uiAccess='false'" /DEBUG /PDB:"D:\baofeng\VS2008 Project\Temperature\Debug\Temperature.pdb" /SUBSYSTEM:WINDOWS /TLBID:1 /ENTRY:"wWinMainCRTStartup" /DYNAMICBASE /NXCOMPAT /IMPLIB:"D:\baofeng\VS2008 Project\Temperature\Debug\Temperature.lib" /MACHINE:X86 Debug\Temperature.res
         Debug\Temperature.exe.embed.manifest.res
         Debug\HistogramCtrl.obj
         Debug\mscomm.obj
         Debug\Serial.obj
         Debug\Show.obj
         Debug\stdafx.obj
         Debug\Temperature.obj
         Debug\TemperatureDlg.obj
         Temperature.vcxproj -> D:\baofeng\VS2008 Project\Temperature\Debug\Temperature.exe
       FinalizeBuildStatus:
         正在删除文件“Debug\Temperature.unsuccessfulbuild”。
         正在对“Debug\Temperature.lastbuildstate”执行 Touch 任务。
     1>已完成生成项目“D:\baofeng\VS2008 Project\Temperature\Temperature\Temperature.vcxproj”(build 个目标)的操作。

生成成功。

已用时间 00:00:08.06
