E:\PROJECT\VS\SECRETINFO\SECRETINFO\DEBUG\AC_BH.OBJ
E:\PROJECT\VS\SECRETINFO\SECRETINFO\DEBUG\ADOCONN.OBJ
E:\project\VS\SecretInfo\SecretInfo\Debug\cl.command.1.tlog
E:\project\VS\SecretInfo\SecretInfo\Debug\CL.read.1.tlog
E:\project\VS\SecretInfo\SecretInfo\Debug\CL.write.1.tlog
E:\PROJECT\VS\SECRETINFO\SECRETINFO\DEBUG\EDITDINFODLG.OBJ
E:\PROJECT\VS\SECRETINFO\SECRETINFO\DEBUG\FILEDETECTDLG.OBJ
E:\PROJECT\VS\SECRETINFO\SECRETINFO\DEBUG\IMAGEDETECTDLG.OBJ
E:\PROJECT\VS\SECRETINFO\SECRETINFO\DEBUG\LOGIN.OBJ
E:\PROJECT\VS\SECRETINFO\SECRETINFO\DEBUG\LOOKUPDLG.OBJ
E:\PROJECT\VS\SECRETINFO\SECRETINFO\DEBUG\MD5.OBJ
E:\project\VS\SecretInfo\SecretInfo\Debug\msado15.tlh
E:\project\VS\SecretInfo\SecretInfo\Debug\msado15.tli
E:\PROJECT\VS\SECRETINFO\SECRETINFO\DEBUG\SECRETINFO.PCH
E:\PROJECT\VS\SECRETINFO\SECRETINFO\DEBUG\SECRETINFODOC.OBJ
E:\PROJECT\VS\SECRETINFO\SECRETINFO\DEBUG\SECRETINFOVIEW.OBJ
E:\PROJECT\VS\SECRETINFO\SECRETINFO\DEBUG\STDAFX.OBJ
E:\project\VS\SecretInfo\SecretInfo\Debug\vc100.idb
E:\PROJECT\VS\SECRETINFO\SECRETINFO\DEBUG\VC100.PDB
E:\PROJECT\VS\SECRETINFO\SECRETINFO\DEBUG\WORDNETDLG.OBJ
