生成启动时间为 2015/7/8 15:17:07。
     1>项目“E:\project\VS\SecretInfo\SecretInfo\SecretInfo.vcxproj”在节点 2 上(build 个目标)。
     1>InitializeBuildStatus:
         正在创建“Debug\SecretInfo.unsuccessfulbuild”，因为已指定“AlwaysCreate”。
       ClCompile:
         所有输出均为最新。
         e:\Program Files\Microsoft Visual Studio 10.0\VC\bin\CL.exe /c /ZI /nologo /W3 /WX- /Od /Oy- /D WIN32 /D _WINDOWS /D _DEBUG /D _UNICODE /D UNICODE /D _AFXDLL /Gm /EHsc /RTC1 /MDd /GS /fp:precise /Zc:wchar_t /Zc:forScope /Yu"StdAfx.h" /Fp"Debug\SecretInfo.pch" /Fo"Debug\\" /Fd"Debug\vc100.pdb" /Gd /TP /analyze- /errorReport:prompt FileDetectDlg.cpp LookUpDlg.cpp
         LookUpDlg.cpp
     1>e:\project\vs\secretinfo\secretinfo\lookupdlg.cpp(204): warning C4101: “nId”: 未引用的局部变量
     1>e:\project\vs\secretinfo\secretinfo\lookupdlg.cpp(283): warning C4101: “lpDisp”: 未引用的局部变量
         FileDetectDlg.cpp
     1>e:\project\vs\secretinfo\secretinfo\filedetectdlg.h(29): warning C4005: “_UNICODE”: 宏重定义
                 命令行参数: 参见前面的“_UNICODE”定义
     1>e:\project\vs\secretinfo\secretinfo\filedetectdlg.cpp(658): warning C4244: “=”: 从“ULONGLONG”转换到“DWORD”，可能丢失数据
     1>e:\project\vs\secretinfo\secretinfo\filedetectdlg.cpp(666): warning C4101: “j”: 未引用的局部变量
         正在生成代码...
       ResourceCompile:
         所有输出均为最新。
       ManifestResourceCompile:
         所有输出均为最新。
       Link:
         e:\Program Files\Microsoft Visual Studio 10.0\VC\bin\link.exe /ERRORREPORT:PROMPT /OUT:"E:\project\VS\SecretInfo\Debug\SecretInfo.exe" /INCREMENTAL /NOLOGO /MANIFEST /ManifestFile:"Debug\SecretInfo.exe.intermediate.manifest" /MANIFESTUAC:"level='asInvoker' uiAccess='false'" /DEBUG /PDB:"E:\project\VS\SecretInfo\Debug\SecretInfo.pdb" /SUBSYSTEM:WINDOWS /TLBID:1 /ENTRY:"wWinMainCRTStartup" /DYNAMICBASE /NXCOMPAT /IMPLIB:"E:\project\VS\SecretInfo\Debug\SecretInfo.lib" /MACHINE:X86 Debug\SecretInfo.res
         Debug\SecretInfo.exe.embed.manifest.res
         Debug\AC_BH.obj
         Debug\ADOConn.obj
         Debug\EditDInfoDlg.obj
         Debug\FileDetectDlg.obj
         Debug\ImageDetectDlg.obj
         Debug\Login.obj
         Debug\LookUpDlg.obj
         Debug\MainFrm.obj
         Debug\MD5.obj
         Debug\SecretInfo.obj
         Debug\SecretInfoDoc.obj
         Debug\SecretInfoView.obj
         Debug\stdafx.obj
         Debug\WordNetDlg.obj
       Manifest:
         C:\Program Files\Microsoft SDKs\Windows\v7.0A\bin\mt.exe /nologo /verbose /out:"Debug\SecretInfo.exe.embed.manifest" /manifest Debug\SecretInfo.exe.intermediate.manifest "e:\Program Files\Microsoft Visual Studio 10.0\VC\Include\Manifest\dpiaware.manifest"
         所有输出均为最新。
       LinkEmbedManifest:
         所有输出均为最新。
         SecretInfo.vcxproj -> E:\project\VS\SecretInfo\Debug\SecretInfo.exe
       FinalizeBuildStatus:
         正在删除文件“Debug\SecretInfo.unsuccessfulbuild”。
         正在对“Debug\SecretInfo.lastbuildstate”执行 Touch 任务。
     1>已完成生成项目“E:\project\VS\SecretInfo\SecretInfo\SecretInfo.vcxproj”(build 个目标)的操作。

生成成功。

已用时间 00:00:03.06
