生成启动时间为 2015/7/7 11:14:33。
     1>项目“E:\project\ShemiXitong\ShemiXitong\ShemiXitong\ShemiXitong.vcxproj”在节点 2 上(build 个目标)。
     1>InitializeBuildStatus:
         正在创建“Debug\ShemiXitong.unsuccessfulbuild”，因为已指定“AlwaysCreate”。
       ClCompile:
         所有输出均为最新。
         e:\Program Files\Microsoft Visual Studio 10.0\VC\bin\CL.exe /c /ZI /nologo /W3 /WX- /Od /Oy- /D WIN32 /D _WINDOWS /D _DEBUG /D _UNICODE /D UNICODE /D _AFXDLL /Gm /EHsc /RTC1 /MDd /GS /fp:precise /Zc:wchar_t /Zc:forScope /Yu"StdAfx.h" /Fp"Debug\ShemiXitong.pch" /Fo"Debug\\" /Fd"Debug\vc100.pdb" /Gd /TP /analyze- /errorReport:prompt AC_BH.cpp
         AC_BH.cpp
     1>e:\project\shemixitong\shemixitong\shemixitong\ac_bh.cpp(805): warning C4996: 'fopen': This function or variable may be unsafe. Consider using fopen_s instead. To disable deprecation, use _CRT_SECURE_NO_WARNINGS. See online help for details.
                 e:\program files\microsoft visual studio 10.0\vc\include\stdio.h(234) : 参见“fopen”的声明
     1>e:\project\shemixitong\shemixitong\shemixitong\ac_bh.cpp(976): warning C4996: 'fopen': This function or variable may be unsafe. Consider using fopen_s instead. To disable deprecation, use _CRT_SECURE_NO_WARNINGS. See online help for details.
                 e:\program files\microsoft visual studio 10.0\vc\include\stdio.h(234) : 参见“fopen”的声明
     1>e:\project\shemixitong\shemixitong\shemixitong\ac_bh.cpp(1027): warning C4996: 'fopen': This function or variable may be unsafe. Consider using fopen_s instead. To disable deprecation, use _CRT_SECURE_NO_WARNINGS. See online help for details.
                 e:\program files\microsoft visual studio 10.0\vc\include\stdio.h(234) : 参见“fopen”的声明
       ResourceCompile:
         所有输出均为最新。
       ManifestResourceCompile:
         所有输出均为最新。
       Link:
         e:\Program Files\Microsoft Visual Studio 10.0\VC\bin\link.exe /ERRORREPORT:PROMPT /OUT:"E:\project\ShemiXitong\ShemiXitong\Debug\ShemiXitong.exe" /INCREMENTAL /NOLOGO OCR.lib /MANIFEST /ManifestFile:"Debug\ShemiXitong.exe.intermediate.manifest" /MANIFESTUAC:"level='asInvoker' uiAccess='false'" /DEBUG /PDB:"E:\project\ShemiXitong\ShemiXitong\Debug\ShemiXitong.pdb" /SUBSYSTEM:WINDOWS /TLBID:1 /ENTRY:"wWinMainCRTStartup" /DYNAMICBASE /NXCOMPAT /IMPLIB:"E:\project\ShemiXitong\ShemiXitong\Debug\ShemiXitong.lib" /MACHINE:X86 Debug\ShemiXitong.res
         Debug\ShemiXitong.exe.embed.manifest.res
         Debug\AC_BH.obj
         Debug\ADOConn.obj
         Debug\EzWordAutomation.obj
         Debug\HelpDlg.obj
         Debug\LookUpDlg.obj
         Debug\MD5.obj
         Debug\ModifyWordNet.obj
         Debug\SearchDlg.obj
         Debug\ShemiXitong.obj
         Debug\ShemiXitongDlg.obj
         Debug\stdafx.obj
         Debug\TaskDlg.obj
         Debug\WordAutomation.obj
         Debug\WordNetDlg.obj
       Manifest:
         C:\Program Files\Microsoft SDKs\Windows\v7.0A\bin\mt.exe /nologo /verbose /out:"Debug\ShemiXitong.exe.embed.manifest" /manifest Debug\ShemiXitong.exe.intermediate.manifest "e:\Program Files\Microsoft Visual Studio 10.0\VC\Include\Manifest\dpiaware.manifest"
         所有输出均为最新。
       LinkEmbedManifest:
         所有输出均为最新。
         ShemiXitong.vcxproj -> E:\project\ShemiXitong\ShemiXitong\Debug\ShemiXitong.exe
       FinalizeBuildStatus:
         正在删除文件“Debug\ShemiXitong.unsuccessfulbuild”。
         正在对“Debug\ShemiXitong.lastbuildstate”执行 Touch 任务。
     1>已完成生成项目“E:\project\ShemiXitong\ShemiXitong\ShemiXitong\ShemiXitong.vcxproj”(build 个目标)的操作。

生成成功。

已用时间 00:00:08.45
