D:\JAVA\VS\SHEMIXITONG\DEBUG\SHEMIXITONG.EXE
D:\JAVA\VS\SHEMIXITONG\DEBUG\SHEMIXITONG.ILK
D:\JAVA\VS\SHEMIXITONG\DEBUG\SHEMIXITONG.PDB
D:\JAVA\VS\SHEMIXITONG\SHEMIXITONG\DEBUG\AC_BH.OBJ
D:\JAVA\VS\SHEMIXITONG\SHEMIXITONG\DEBUG\ADOCONN.OBJ
D:\java\VS\ShemiXitong\ShemiXitong\Debug\cl.command.1.tlog
D:\java\VS\ShemiXitong\ShemiXitong\Debug\CL.read.1.tlog
D:\java\VS\ShemiXitong\ShemiXitong\Debug\CL.write.1.tlog
D:\JAVA\VS\SHEMIXITONG\SHEMIXITONG\DEBUG\EZWORDAUTOMATION.OBJ
D:\JAVA\VS\SHEMIXITONG\SHEMIXITONG\DEBUG\HELPDLG.OBJ
D:\java\VS\ShemiXitong\ShemiXitong\Debug\link.3044.read.1.tlog
D:\java\VS\ShemiXitong\ShemiXitong\Debug\link.3044.write.1.tlog
D:\java\VS\ShemiXitong\ShemiXitong\Debug\link.3044-cvtres.read.1.tlog
D:\java\VS\ShemiXitong\ShemiXitong\Debug\link.3044-cvtres.write.1.tlog
D:\java\VS\ShemiXitong\ShemiXitong\Debug\link.command.1.tlog
D:\java\VS\ShemiXitong\ShemiXitong\Debug\link.read.1.tlog
D:\java\VS\ShemiXitong\ShemiXitong\Debug\link.write.1.tlog
D:\java\VS\ShemiXitong\ShemiXitong\Debug\link-cvtres.read.1.tlog
D:\java\VS\ShemiXitong\ShemiXitong\Debug\link-cvtres.write.1.tlog
D:\JAVA\VS\SHEMIXITONG\SHEMIXITONG\DEBUG\LOOKUPDLG.OBJ
D:\JAVA\VS\SHEMIXITONG\SHEMIXITONG\DEBUG\MD5.OBJ
D:\JAVA\VS\SHEMIXITONG\SHEMIXITONG\DEBUG\MODIFYWORDNET.OBJ
D:\java\VS\ShemiXitong\ShemiXitong\Debug\msado15.tlh
D:\java\VS\ShemiXitong\ShemiXitong\Debug\msado15.tli
D:\java\VS\ShemiXitong\ShemiXitong\Debug\mt.command.1.tlog
D:\java\VS\ShemiXitong\ShemiXitong\Debug\mt.read.1.tlog
D:\java\VS\ShemiXitong\ShemiXitong\Debug\mt.write.1.tlog
D:\java\VS\ShemiXitong\ShemiXitong\Debug\rc.command.1.tlog
D:\java\VS\ShemiXitong\ShemiXitong\Debug\rc.read.1.tlog
D:\java\VS\ShemiXitong\ShemiXitong\Debug\rc.write.1.tlog
D:\JAVA\VS\SHEMIXITONG\SHEMIXITONG\DEBUG\SEARCHDLG.OBJ
D:\JAVA\VS\SHEMIXITONG\SHEMIXITONG\DEBUG\SHEMIXITONG.EXE.EMBED.MANIFEST
D:\JAVA\VS\SHEMIXITONG\SHEMIXITONG\DEBUG\SHEMIXITONG.EXE.EMBED.MANIFEST.RES
D:\JAVA\VS\SHEMIXITONG\SHEMIXITONG\DEBUG\SHEMIXITONG.EXE.INTERMEDIATE.MANIFEST
D:\JAVA\VS\SHEMIXITONG\SHEMIXITONG\DEBUG\SHEMIXITONG.OBJ
D:\JAVA\VS\SHEMIXITONG\SHEMIXITONG\DEBUG\SHEMIXITONG.PCH
D:\JAVA\VS\SHEMIXITONG\SHEMIXITONG\DEBUG\SHEMIXITONG.RES
D:\java\VS\ShemiXitong\ShemiXitong\Debug\ShemiXitong_manifest.rc
D:\JAVA\VS\SHEMIXITONG\SHEMIXITONG\DEBUG\SHEMIXITONGDLG.OBJ
D:\JAVA\VS\SHEMIXITONG\SHEMIXITONG\DEBUG\STDAFX.OBJ
D:\JAVA\VS\SHEMIXITONG\SHEMIXITONG\DEBUG\TASKDLG.OBJ
D:\java\VS\ShemiXitong\ShemiXitong\Debug\vc100.idb
D:\JAVA\VS\SHEMIXITONG\SHEMIXITONG\DEBUG\VC100.PDB
D:\JAVA\VS\SHEMIXITONG\SHEMIXITONG\DEBUG\WORDAUTOMATION.OBJ
D:\JAVA\VS\SHEMIXITONG\SHEMIXITONG\DEBUG\WORDNETDLG.OBJ
